Started GET "/" for ::1 at 2020-07-13 19:54:33 -0700
  [1m[35m (1.6ms)[0m  [1m[34mSELECT sqlite_version(*)[0m
Processing by Rails::WelcomeController#index as HTML
  Rendering /home/bwanaz/.rvm/gems/ruby-2.6.3/gems/railties-6.0.3.2/lib/rails/templates/rails/welcome/index.html.erb
  Rendered /home/bwanaz/.rvm/gems/ruby-2.6.3/gems/railties-6.0.3.2/lib/rails/templates/rails/welcome/index.html.erb (Duration: 25.5ms | Allocations: 478)
Completed 200 OK in 52ms (Views: 45.5ms | ActiveRecord: 0.0ms | Allocations: 2770)


Started GET "/" for ::1 at 2020-07-13 20:08:53 -0700
  [1m[35m (0.3ms)[0m  [1m[34mSELECT sqlite_version(*)[0m
Processing by Rails::WelcomeController#index as HTML
  Rendering /home/bwanaz/.rvm/gems/ruby-2.6.3/gems/railties-6.0.3.2/lib/rails/templates/rails/welcome/index.html.erb
  Rendered /home/bwanaz/.rvm/gems/ruby-2.6.3/gems/railties-6.0.3.2/lib/rails/templates/rails/welcome/index.html.erb (Duration: 5.2ms | Allocations: 517)
Completed 200 OK in 11ms (Views: 6.3ms | ActiveRecord: 0.0ms | Allocations: 2042)


Started GET "/pages/home" for ::1 at 2020-07-13 20:09:02 -0700
Processing by PagesController#home as HTML
  Rendering pages/home.html.erb within layouts/application
  Rendered pages/home.html.erb within layouts/application (Duration: 0.2ms | Allocations: 87)
[Webpacker] Compiling...
[Webpacker] Compiled all packs in /home/bwanaz/Desktop/fundoApp/fundo/public/packs
[Webpacker] Hash: 15d1bb7b54cf6326b9ba
Version: webpack 4.43.0
Time: 1796ms
Built at: 2020-07-13 8:09:05 p.m.
                                     Asset       Size       Chunks                         Chunk Names
    js/application-9afcbb5693aa87623e69.js    124 KiB  application  [emitted] [immutable]  application
js/application-9afcbb5693aa87623e69.js.map    139 KiB  application  [emitted] [dev]        application
                             manifest.json  364 bytes               [emitted]              
Entrypoint application = js/application-9afcbb5693aa87623e69.js js/application-9afcbb5693aa87623e69.js.map
[./app/javascript/channels sync recursive _channel\.js$] ./app/javascript/channels sync _channel\.js$ 160 bytes {application} [built]
[./app/javascript/channels/index.js] 211 bytes {application} [built]
[./app/javascript/packs/application.js] 749 bytes {application} [built]
[./node_modules/webpack/buildin/module.js] (webpack)/buildin/module.js 552 bytes {application} [built]
    + 3 hidden modules

Completed 200 OK in 4150ms (Views: 4149.3ms | ActiveRecord: 0.0ms | Allocations: 18276)


Started GET "/" for ::1 at 2020-07-13 20:13:34 -0700
  [1m[35m (0.3ms)[0m  [1m[34mSELECT sqlite_version(*)[0m
Processing by PagesController#home as HTML
  Rendering pages/home.html.erb within layouts/application
  Rendered pages/home.html.erb within layouts/application (Duration: 0.3ms | Allocations: 204)
[Webpacker] Everything's up-to-date. Nothing to do
Completed 200 OK in 12ms (Views: 7.6ms | ActiveRecord: 0.0ms | Allocations: 7391)


Started GET "/home" for ::1 at 2020-07-13 20:13:42 -0700
  
ActionController::RoutingError (No route matches [GET] "/home"):
  
actionpack (6.0.3.2) lib/action_dispatch/middleware/debug_exceptions.rb:36:in `call'
web-console (4.0.3) lib/web_console/middleware.rb:132:in `call_app'
web-console (4.0.3) lib/web_console/middleware.rb:28:in `block in call'
web-console (4.0.3) lib/web_console/middleware.rb:17:in `catch'
web-console (4.0.3) lib/web_console/middleware.rb:17:in `call'
actionpack (6.0.3.2) lib/action_dispatch/middleware/show_exceptions.rb:33:in `call'
railties (6.0.3.2) lib/rails/rack/logger.rb:37:in `call_app'
railties (6.0.3.2) lib/rails/rack/logger.rb:26:in `block in call'
activesupport (6.0.3.2) lib/active_support/tagged_logging.rb:80:in `block in tagged'
activesupport (6.0.3.2) lib/active_support/tagged_logging.rb:28:in `tagged'
activesupport (6.0.3.2) lib/active_support/tagged_logging.rb:80:in `tagged'
railties (6.0.3.2) lib/rails/rack/logger.rb:26:in `call'
sprockets-rails (3.2.1) lib/sprockets/rails/quiet_assets.rb:13:in `call'
actionpack (6.0.3.2) lib/action_dispatch/middleware/remote_ip.rb:81:in `call'
actionpack (6.0.3.2) lib/action_dispatch/middleware/request_id.rb:27:in `call'
rack (2.2.3) lib/rack/method_override.rb:24:in `call'
rack (2.2.3) lib/rack/runtime.rb:22:in `call'
activesupport (6.0.3.2) lib/active_support/cache/strategy/local_cache_middleware.rb:29:in `call'
actionpack (6.0.3.2) lib/action_dispatch/middleware/executor.rb:14:in `call'
actionpack (6.0.3.2) lib/action_dispatch/middleware/static.rb:126:in `call'
rack (2.2.3) lib/rack/sendfile.rb:110:in `call'
actionpack (6.0.3.2) lib/action_dispatch/middleware/host_authorization.rb:82:in `call'
webpacker (4.2.2) lib/webpacker/dev_server_proxy.rb:23:in `perform_request'
rack-proxy (0.6.5) lib/rack/proxy.rb:57:in `call'
railties (6.0.3.2) lib/rails/engine.rb:527:in `call'
puma (4.3.5) lib/puma/configuration.rb:228:in `call'
puma (4.3.5) lib/puma/server.rb:713:in `handle_request'
puma (4.3.5) lib/puma/server.rb:472:in `process_client'
puma (4.3.5) lib/puma/server.rb:328:in `block in run'
puma (4.3.5) lib/puma/thread_pool.rb:134:in `block in spawn_thread'
Started GET "/" for ::1 at 2020-07-13 20:13:46 -0700
Processing by PagesController#home as HTML
  Rendering pages/home.html.erb within layouts/application
  Rendered pages/home.html.erb within layouts/application (Duration: 0.0ms | Allocations: 5)
[Webpacker] Everything's up-to-date. Nothing to do
Completed 200 OK in 5ms (Views: 4.1ms | ActiveRecord: 0.0ms | Allocations: 3405)


Started GET "/pages/home" for ::1 at 2020-07-13 20:13:53 -0700
Processing by PagesController#home as HTML
  Rendering pages/home.html.erb within layouts/application
  Rendered pages/home.html.erb within layouts/application (Duration: 0.0ms | Allocations: 4)
[Webpacker] Everything's up-to-date. Nothing to do
Completed 200 OK in 5ms (Views: 4.4ms | ActiveRecord: 0.0ms | Allocations: 3368)


Started GET "/" for ::1 at 2020-07-13 20:15:46 -0700
  [1m[35m (0.3ms)[0m  [1m[34mSELECT sqlite_version(*)[0m
Processing by PagesController#home as HTML
  Rendering pages/home.html.erb within layouts/application
  Rendered pages/home.html.erb within layouts/application (Duration: 0.5ms | Allocations: 212)
[Webpacker] Everything's up-to-date. Nothing to do
Completed 200 OK in 14ms (Views: 9.4ms | ActiveRecord: 0.0ms | Allocations: 7772)


Started GET "/home" for ::1 at 2020-07-13 20:15:51 -0700
Processing by PagesController#home as HTML
  Rendering pages/home.html.erb within layouts/application
  Rendered pages/home.html.erb within layouts/application (Duration: 0.1ms | Allocations: 5)
[Webpacker] Everything's up-to-date. Nothing to do
Completed 200 OK in 5ms (Views: 4.5ms | ActiveRecord: 0.0ms | Allocations: 3384)


Started GET "/subjects" for ::1 at 2020-07-13 20:15:57 -0700
Processing by PagesController#subjects as HTML
  Rendering pages/subjects.html.erb within layouts/application
  Rendered pages/subjects.html.erb within layouts/application (Duration: 0.2ms | Allocations: 87)
[Webpacker] Everything's up-to-date. Nothing to do
Completed 200 OK in 5ms (Views: 4.0ms | ActiveRecord: 0.0ms | Allocations: 3598)


Started GET "/pages/subjects" for ::1 at 2020-07-13 20:16:05 -0700
  
ActionController::RoutingError (No route matches [GET] "/pages/subjects"):
  
actionpack (6.0.3.2) lib/action_dispatch/middleware/debug_exceptions.rb:36:in `call'
web-console (4.0.3) lib/web_console/middleware.rb:132:in `call_app'
web-console (4.0.3) lib/web_console/middleware.rb:28:in `block in call'
web-console (4.0.3) lib/web_console/middleware.rb:17:in `catch'
web-console (4.0.3) lib/web_console/middleware.rb:17:in `call'
actionpack (6.0.3.2) lib/action_dispatch/middleware/show_exceptions.rb:33:in `call'
railties (6.0.3.2) lib/rails/rack/logger.rb:37:in `call_app'
railties (6.0.3.2) lib/rails/rack/logger.rb:26:in `block in call'
activesupport (6.0.3.2) lib/active_support/tagged_logging.rb:80:in `block in tagged'
activesupport (6.0.3.2) lib/active_support/tagged_logging.rb:28:in `tagged'
activesupport (6.0.3.2) lib/active_support/tagged_logging.rb:80:in `tagged'
railties (6.0.3.2) lib/rails/rack/logger.rb:26:in `call'
sprockets-rails (3.2.1) lib/sprockets/rails/quiet_assets.rb:13:in `call'
actionpack (6.0.3.2) lib/action_dispatch/middleware/remote_ip.rb:81:in `call'
actionpack (6.0.3.2) lib/action_dispatch/middleware/request_id.rb:27:in `call'
rack (2.2.3) lib/rack/method_override.rb:24:in `call'
rack (2.2.3) lib/rack/runtime.rb:22:in `call'
activesupport (6.0.3.2) lib/active_support/cache/strategy/local_cache_middleware.rb:29:in `call'
actionpack (6.0.3.2) lib/action_dispatch/middleware/executor.rb:14:in `call'
actionpack (6.0.3.2) lib/action_dispatch/middleware/static.rb:126:in `call'
rack (2.2.3) lib/rack/sendfile.rb:110:in `call'
actionpack (6.0.3.2) lib/action_dispatch/middleware/host_authorization.rb:82:in `call'
webpacker (4.2.2) lib/webpacker/dev_server_proxy.rb:23:in `perform_request'
rack-proxy (0.6.5) lib/rack/proxy.rb:57:in `call'
railties (6.0.3.2) lib/rails/engine.rb:527:in `call'
puma (4.3.5) lib/puma/configuration.rb:228:in `call'
puma (4.3.5) lib/puma/server.rb:713:in `handle_request'
puma (4.3.5) lib/puma/server.rb:472:in `process_client'
puma (4.3.5) lib/puma/server.rb:328:in `block in run'
puma (4.3.5) lib/puma/thread_pool.rb:134:in `block in spawn_thread'
Started GET "/" for ::1 at 2020-07-13 20:21:01 -0700
  [1m[35m (0.3ms)[0m  [1m[34mSELECT sqlite_version(*)[0m
Processing by PagesController#home as HTML
  Rendering pages/home.html.erb within layouts/application
  Rendered pages/home.html.erb within layouts/application (Duration: 0.5ms | Allocations: 219)
[Webpacker] Everything's up-to-date. Nothing to do
Completed 200 OK in 13ms (Views: 8.1ms | ActiveRecord: 0.0ms | Allocations: 7602)


Started GET "/" for ::1 at 2020-07-13 20:27:35 -0700
  [1m[35m (0.3ms)[0m  [1m[34mSELECT sqlite_version(*)[0m
Processing by PagesController#home as HTML
  Rendering pages/home.html.erb within layouts/application
  Rendered pages/home.html.erb within layouts/application (Duration: 0.4ms | Allocations: 204)
[Webpacker] Everything's up-to-date. Nothing to do
Completed 200 OK in 15ms (Views: 9.8ms | ActiveRecord: 0.0ms | Allocations: 7479)


Started GET "/" for ::1 at 2020-07-13 20:27:38 -0700
Processing by PagesController#home as HTML
  Rendering pages/home.html.erb within layouts/application
  Rendered pages/home.html.erb within layouts/application (Duration: 0.0ms | Allocations: 5)
[Webpacker] Everything's up-to-date. Nothing to do
Completed 200 OK in 4ms (Views: 3.8ms | ActiveRecord: 0.0ms | Allocations: 3377)


Started GET "/" for ::1 at 2020-07-13 20:28:25 -0700
  [1m[35m (0.3ms)[0m  [1m[34mSELECT sqlite_version(*)[0m
Processing by PagesController#home as HTML
  Rendering pages/home.html.erb within layouts/application
  Rendered pages/home.html.erb within layouts/application (Duration: 0.3ms | Allocations: 204)
[Webpacker] Everything's up-to-date. Nothing to do
Completed 200 OK in 13ms (Views: 8.6ms | ActiveRecord: 0.0ms | Allocations: 7346)


Started GET "/subjects" for ::1 at 2020-07-13 20:28:39 -0700
Processing by PagesController#subjects as HTML
  Rendering pages/subjects.html.erb within layouts/application
  Rendered pages/subjects.html.erb within layouts/application (Duration: 0.4ms | Allocations: 87)
[Webpacker] Everything's up-to-date. Nothing to do
Completed 200 OK in 6ms (Views: 4.6ms | ActiveRecord: 0.0ms | Allocations: 3602)


Started GET "/subjects" for ::1 at 2020-07-13 20:38:25 -0700
  [1m[35m (0.3ms)[0m  [1m[34mSELECT sqlite_version(*)[0m
Processing by PagesController#subjects as HTML
  Rendering pages/subjects.html.erb within layouts/application
  Rendered pages/subjects.html.erb within layouts/application (Duration: 0.4ms | Allocations: 204)
[Webpacker] Everything's up-to-date. Nothing to do
Completed 500 Internal Server Error in 348ms (ActiveRecord: 0.0ms | Allocations: 153266)


  
ActionView::Template::Error (undefined local variable or method `subjects' for #<#<Class:0x0000556e9e944ac8>:0x0000556e9e95c038>
Did you mean?  subjects_url):
     9:     <%= javascript_pack_tag 'application', 'data-turbolinks-track': 'reload' %>
    10:   </head>
    11: 
    12:   <%= link_to "Subjects", subjects %>
    13: 
    14:   <body>
    15:     <%= yield %>
  
app/views/layouts/application.html.erb:12
DEPRECATION WARNING: Using `bin/rake routes` is deprecated and will be removed in Rails 6.1. Use `bin/rails routes` instead.
 (called from load at /home/bwanaz/.rvm/gems/ruby-2.6.3/bin/rake:23)
Started GET "/subjects" for ::1 at 2020-07-13 20:39:44 -0700
  [1m[35m (0.4ms)[0m  [1m[34mSELECT sqlite_version(*)[0m
Processing by PagesController#subjects as HTML
  Rendering pages/subjects.html.erb within layouts/application
  Rendered pages/subjects.html.erb within layouts/application (Duration: 0.4ms | Allocations: 204)
[Webpacker] Everything's up-to-date. Nothing to do
Completed 200 OK in 15ms (Views: 9.8ms | ActiveRecord: 0.0ms | Allocations: 7340)


Started GET "/subjects" for ::1 at 2020-07-13 20:39:46 -0700
Processing by PagesController#subjects as HTML
  Rendering pages/subjects.html.erb within layouts/application
  Rendered pages/subjects.html.erb within layouts/application (Duration: 0.1ms | Allocations: 5)
[Webpacker] Everything's up-to-date. Nothing to do
Completed 200 OK in 6ms (Views: 4.8ms | ActiveRecord: 0.0ms | Allocations: 3406)


Started GET "/" for ::1 at 2020-07-13 20:39:54 -0700
Processing by PagesController#home as HTML
  Rendering pages/home.html.erb within layouts/application
  Rendered pages/home.html.erb within layouts/application (Duration: 0.3ms | Allocations: 87)
[Webpacker] Everything's up-to-date. Nothing to do
Completed 200 OK in 5ms (Views: 4.3ms | ActiveRecord: 0.0ms | Allocations: 3637)


Started GET "/subjects" for ::1 at 2020-07-13 20:39:56 -0700
Processing by PagesController#subjects as HTML
  Rendering pages/subjects.html.erb within layouts/application
  Rendered pages/subjects.html.erb within layouts/application (Duration: 0.0ms | Allocations: 5)
[Webpacker] Everything's up-to-date. Nothing to do
Completed 200 OK in 5ms (Views: 4.3ms | ActiveRecord: 0.0ms | Allocations: 3410)


Started GET "/subjects" for ::1 at 2020-07-13 20:40:56 -0700
  [1m[35m (0.3ms)[0m  [1m[34mSELECT sqlite_version(*)[0m
Processing by PagesController#subjects as HTML
  Rendering pages/subjects.html.erb within layouts/application
  Rendered pages/subjects.html.erb within layouts/application (Duration: 0.5ms | Allocations: 253)
[Webpacker] Everything's up-to-date. Nothing to do
Completed 200 OK in 14ms (Views: 9.2ms | ActiveRecord: 0.0ms | Allocations: 7791)


Started GET "/contact" for ::1 at 2020-07-13 20:40:58 -0700
Processing by PagesController#contact as HTML
  Rendering pages/contact.html.erb within layouts/application
  Rendered pages/contact.html.erb within layouts/application (Duration: 0.3ms | Allocations: 87)
[Webpacker] Everything's up-to-date. Nothing to do
Completed 200 OK in 5ms (Views: 4.3ms | ActiveRecord: 0.0ms | Allocations: 3661)


Started GET "/subjects" for ::1 at 2020-07-13 20:40:59 -0700
Processing by PagesController#subjects as HTML
  Rendering pages/subjects.html.erb within layouts/application
  Rendered pages/subjects.html.erb within layouts/application (Duration: 0.0ms | Allocations: 5)
[Webpacker] Everything's up-to-date. Nothing to do
Completed 200 OK in 4ms (Views: 3.9ms | ActiveRecord: 0.0ms | Allocations: 3430)


Started GET "/contact" for ::1 at 2020-07-13 20:41:00 -0700
Processing by PagesController#contact as HTML
  Rendering pages/contact.html.erb within layouts/application
  Rendered pages/contact.html.erb within layouts/application (Duration: 0.0ms | Allocations: 5)
[Webpacker] Everything's up-to-date. Nothing to do
Completed 200 OK in 5ms (Views: 4.3ms | ActiveRecord: 0.0ms | Allocations: 3430)


Started GET "/subjects" for ::1 at 2020-07-13 20:41:01 -0700
Processing by PagesController#subjects as HTML
  Rendering pages/subjects.html.erb within layouts/application
  Rendered pages/subjects.html.erb within layouts/application (Duration: 0.0ms | Allocations: 4)
[Webpacker] Everything's up-to-date. Nothing to do
Completed 200 OK in 5ms (Views: 4.2ms | ActiveRecord: 0.0ms | Allocations: 3425)


Started GET "/subjects" for ::1 at 2020-07-13 20:42:57 -0700
  [1m[35m (0.4ms)[0m  [1m[34mSELECT sqlite_version(*)[0m
Processing by PagesController#subjects as HTML
  Rendering pages/subjects.html.erb within layouts/application
  Rendered pages/subjects.html.erb within layouts/application (Duration: 0.5ms | Allocations: 204)
[Webpacker] Everything's up-to-date. Nothing to do
Completed 200 OK in 14ms (Views: 9.3ms | ActiveRecord: 0.0ms | Allocations: 7372)


Started GET "/subjects" for ::1 at 2020-07-13 20:42:59 -0700
Processing by PagesController#subjects as HTML
  Rendering pages/subjects.html.erb within layouts/application
  Rendered pages/subjects.html.erb within layouts/application (Duration: 0.0ms | Allocations: 5)
[Webpacker] Everything's up-to-date. Nothing to do
Completed 200 OK in 5ms (Views: 4.4ms | ActiveRecord: 0.0ms | Allocations: 3428)


Started GET "/contact" for ::1 at 2020-07-13 20:43:01 -0700
Processing by PagesController#contact as HTML
  Rendering pages/contact.html.erb within layouts/application
  Rendered pages/contact.html.erb within layouts/application (Duration: 0.3ms | Allocations: 87)
[Webpacker] Everything's up-to-date. Nothing to do
Completed 200 OK in 6ms (Views: 4.9ms | ActiveRecord: 0.0ms | Allocations: 3656)


Started GET "/subjects" for ::1 at 2020-07-13 20:43:01 -0700
Processing by PagesController#subjects as HTML
  Rendering pages/subjects.html.erb within layouts/application
  Rendered pages/subjects.html.erb within layouts/application (Duration: 0.0ms | Allocations: 5)
[Webpacker] Everything's up-to-date. Nothing to do
Completed 200 OK in 4ms (Views: 3.6ms | ActiveRecord: 0.0ms | Allocations: 3428)


Started GET "/contact" for ::1 at 2020-07-13 20:43:03 -0700
Processing by PagesController#contact as HTML
  Rendering pages/contact.html.erb within layouts/application
  Rendered pages/contact.html.erb within layouts/application (Duration: 0.0ms | Allocations: 4)
[Webpacker] Everything's up-to-date. Nothing to do
Completed 200 OK in 5ms (Views: 4.3ms | ActiveRecord: 0.0ms | Allocations: 3422)


Started GET "/contact" for ::1 at 2020-07-13 20:44:07 -0700
  [1m[35m (0.3ms)[0m  [1m[34mSELECT sqlite_version(*)[0m
Processing by PagesController#contact as HTML
  Rendering pages/contact.html.erb within layouts/application
  Rendered pages/contact.html.erb within layouts/application (Duration: 0.4ms | Allocations: 210)
[Webpacker] Everything's up-to-date. Nothing to do
Completed 200 OK in 14ms (Views: 9.0ms | ActiveRecord: 0.0ms | Allocations: 7925)


Started GET "/" for ::1 at 2020-07-13 20:44:08 -0700
Processing by PagesController#home as HTML
  Rendering pages/home.html.erb within layouts/application
  Rendered pages/home.html.erb within layouts/application (Duration: 0.3ms | Allocations: 87)
[Webpacker] Everything's up-to-date. Nothing to do
Completed 200 OK in 5ms (Views: 4.1ms | ActiveRecord: 0.0ms | Allocations: 3680)


Started GET "/subjects" for ::1 at 2020-07-13 20:44:10 -0700
Processing by PagesController#subjects as HTML
  Rendering pages/subjects.html.erb within layouts/application
  Rendered pages/subjects.html.erb within layouts/application (Duration: 0.3ms | Allocations: 87)
[Webpacker] Everything's up-to-date. Nothing to do
Completed 200 OK in 5ms (Views: 4.5ms | ActiveRecord: 0.0ms | Allocations: 3681)


Started GET "/contact" for ::1 at 2020-07-13 20:44:11 -0700
Processing by PagesController#contact as HTML
  Rendering pages/contact.html.erb within layouts/application
  Rendered pages/contact.html.erb within layouts/application (Duration: 0.0ms | Allocations: 5)
[Webpacker] Everything's up-to-date. Nothing to do
Completed 200 OK in 5ms (Views: 4.3ms | ActiveRecord: 0.0ms | Allocations: 3452)


Started GET "/contact" for ::1 at 2020-07-13 20:46:40 -0700
  [1m[35m (0.3ms)[0m  [1m[34mSELECT sqlite_version(*)[0m
Processing by PagesController#contact as HTML
  Rendering pages/contact.html.erb within layouts/application
  Rendered pages/contact.html.erb within layouts/application (Duration: 0.5ms | Allocations: 226)
[Webpacker] Everything's up-to-date. Nothing to do
Completed 200 OK in 14ms (Views: 8.9ms | ActiveRecord: 0.0ms | Allocations: 8027)


Started GET "/contact" for ::1 at 2020-07-13 20:46:42 -0700
Processing by PagesController#contact as HTML
  Rendering pages/contact.html.erb within layouts/application
  Rendered pages/contact.html.erb within layouts/application (Duration: 0.0ms | Allocations: 5)
[Webpacker] Everything's up-to-date. Nothing to do
Completed 200 OK in 5ms (Views: 4.4ms | ActiveRecord: 0.0ms | Allocations: 3446)


Started GET "/" for ::1 at 2020-07-13 20:46:43 -0700
Processing by PagesController#home as HTML
  Rendering pages/home.html.erb within layouts/application
  Rendered shared/_navigation.html.erb (Duration: 0.5ms | Allocations: 220)
  Rendered pages/home.html.erb within layouts/application (Duration: 1.3ms | Allocations: 545)
[Webpacker] Everything's up-to-date. Nothing to do
Completed 200 OK in 6ms (Views: 5.3ms | ActiveRecord: 0.0ms | Allocations: 4117)


Started GET "/subjects" for ::1 at 2020-07-13 20:46:45 -0700
Processing by PagesController#subjects as HTML
  Rendering pages/subjects.html.erb within layouts/application
  Rendered pages/subjects.html.erb within layouts/application (Duration: 0.2ms | Allocations: 87)
[Webpacker] Everything's up-to-date. Nothing to do
Completed 200 OK in 5ms (Views: 3.9ms | ActiveRecord: 0.0ms | Allocations: 3683)


Started GET "/contact" for ::1 at 2020-07-13 20:46:45 -0700
Processing by PagesController#contact as HTML
  Rendering pages/contact.html.erb within layouts/application
  Rendered pages/contact.html.erb within layouts/application (Duration: 0.0ms | Allocations: 4)
[Webpacker] Everything's up-to-date. Nothing to do
Completed 200 OK in 5ms (Views: 4.6ms | ActiveRecord: 0.0ms | Allocations: 3440)


Started GET "/" for ::1 at 2020-07-13 20:46:46 -0700
Processing by PagesController#home as HTML
  Rendering pages/home.html.erb within layouts/application
  Rendered shared/_navigation.html.erb (Duration: 0.2ms | Allocations: 80)
  Rendered pages/home.html.erb within layouts/application (Duration: 0.4ms | Allocations: 149)
[Webpacker] Everything's up-to-date. Nothing to do
Completed 200 OK in 6ms (Views: 5.2ms | ActiveRecord: 0.0ms | Allocations: 3581)


Started GET "/subjects" for ::1 at 2020-07-13 20:46:47 -0700
Processing by PagesController#subjects as HTML
  Rendering pages/subjects.html.erb within layouts/application
  Rendered pages/subjects.html.erb within layouts/application (Duration: 0.0ms | Allocations: 4)
[Webpacker] Everything's up-to-date. Nothing to do
Completed 200 OK in 12ms (Views: 11.8ms | ActiveRecord: 0.0ms | Allocations: 3450)


Started GET "/contact" for ::1 at 2020-07-13 20:46:49 -0700
Processing by PagesController#contact as HTML
  Rendering pages/contact.html.erb within layouts/application
  Rendered pages/contact.html.erb within layouts/application (Duration: 0.0ms | Allocations: 4)
[Webpacker] Everything's up-to-date. Nothing to do
Completed 200 OK in 4ms (Views: 3.8ms | ActiveRecord: 0.0ms | Allocations: 3443)


Started GET "/subjects" for ::1 at 2020-07-13 20:46:49 -0700
Processing by PagesController#subjects as HTML
  Rendering pages/subjects.html.erb within layouts/application
  Rendered pages/subjects.html.erb within layouts/application (Duration: 0.0ms | Allocations: 4)
[Webpacker] Everything's up-to-date. Nothing to do
Completed 200 OK in 5ms (Views: 4.5ms | ActiveRecord: 0.0ms | Allocations: 3444)


Started GET "/" for ::1 at 2020-07-13 20:46:50 -0700
Processing by PagesController#home as HTML
  Rendering pages/home.html.erb within layouts/application
  Rendered shared/_navigation.html.erb (Duration: 0.2ms | Allocations: 80)
  Rendered pages/home.html.erb within layouts/application (Duration: 0.4ms | Allocations: 148)
[Webpacker] Everything's up-to-date. Nothing to do
Completed 200 OK in 6ms (Views: 5.3ms | ActiveRecord: 0.0ms | Allocations: 3584)


Started GET "/" for ::1 at 2020-07-13 20:47:29 -0700
  [1m[35m (0.4ms)[0m  [1m[34mSELECT sqlite_version(*)[0m
Processing by PagesController#home as HTML
  Rendering pages/home.html.erb within layouts/application
  Rendered shared/_navigation.html.erb (Duration: 0.6ms | Allocations: 296)
  Rendered pages/home.html.erb within layouts/application (Duration: 1.9ms | Allocations: 896)
[Webpacker] Everything's up-to-date. Nothing to do
Completed 200 OK in 16ms (Views: 11.0ms | ActiveRecord: 0.0ms | Allocations: 8249)


Started GET "/" for ::1 at 2020-07-13 20:47:58 -0700
  [1m[35m (0.4ms)[0m  [1m[34mSELECT sqlite_version(*)[0m
Processing by PagesController#home as HTML
  Rendering pages/home.html.erb within layouts/application
  Rendered shared/_navigation.html.erb (Duration: 0.5ms | Allocations: 321)
  Rendered pages/home.html.erb within layouts/application (Duration: 1.6ms | Allocations: 910)
[Webpacker] Everything's up-to-date. Nothing to do
Completed 200 OK in 15ms (Views: 10.0ms | ActiveRecord: 0.0ms | Allocations: 8307)


Started GET "/subjects" for ::1 at 2020-07-13 20:47:59 -0700
Processing by PagesController#subjects as HTML
  Rendering pages/subjects.html.erb within layouts/application
  Rendered pages/subjects.html.erb within layouts/application (Duration: 0.3ms | Allocations: 87)
[Webpacker] Everything's up-to-date. Nothing to do
Completed 200 OK in 5ms (Views: 4.5ms | ActiveRecord: 0.0ms | Allocations: 3599)


Started GET "/subjects" for ::1 at 2020-07-13 20:51:12 -0700
  [1m[35m (0.4ms)[0m  [1m[34mSELECT sqlite_version(*)[0m
Processing by PagesController#subjects as HTML
  Rendering pages/subjects.html.erb within layouts/application
  Rendered shared/_navigation.html.erb (Duration: 0.6ms | Allocations: 311)
  Rendered pages/subjects.html.erb within layouts/application (Duration: 1.4ms | Allocations: 834)
[Webpacker] Everything's up-to-date. Nothing to do
Completed 200 OK in 15ms (Views: 9.8ms | ActiveRecord: 0.0ms | Allocations: 8211)


Started GET "/" for ::1 at 2020-07-13 20:51:15 -0700
Processing by PagesController#home as HTML
  Rendering pages/home.html.erb within layouts/application
  Rendered shared/_navigation.html.erb (Duration: 0.2ms | Allocations: 87)
  Rendered pages/home.html.erb within layouts/application (Duration: 0.7ms | Allocations: 261)
[Webpacker] Everything's up-to-date. Nothing to do
Completed 200 OK in 6ms (Views: 4.8ms | ActiveRecord: 0.0ms | Allocations: 3772)


Started GET "/subjects" for ::1 at 2020-07-13 20:51:17 -0700
Processing by PagesController#subjects as HTML
  Rendering pages/subjects.html.erb within layouts/application
  Rendered shared/_navigation.html.erb (Duration: 0.2ms | Allocations: 80)
  Rendered pages/subjects.html.erb within layouts/application (Duration: 0.4ms | Allocations: 149)
[Webpacker] Everything's up-to-date. Nothing to do
Completed 200 OK in 5ms (Views: 4.4ms | ActiveRecord: 0.0ms | Allocations: 3513)


Started GET "/contact" for ::1 at 2020-07-13 20:51:19 -0700
Processing by PagesController#contact as HTML
  Rendering pages/contact.html.erb within layouts/application
  Rendered shared/_navigation.html.erb (Duration: 0.2ms | Allocations: 87)
  Rendered pages/contact.html.erb within layouts/application (Duration: 0.7ms | Allocations: 253)
[Webpacker] Everything's up-to-date. Nothing to do
Completed 200 OK in 5ms (Views: 4.5ms | ActiveRecord: 0.0ms | Allocations: 3767)


